ERROR - 2023-01-05 21:48:03 --> Error connecting to the database: mysqli_sql_exception: Access denied for user 'root'@'localhost' (using password: YES) in C:\xampp\htdocs\comercio\vendor\codeigniter4\framework\system\Database\MySQLi\Connection.php:170
Stack trace:
#0 C:\xampp\htdocs\comercio\vendor\codeigniter4\framework\system\Database\MySQLi\Connection.php(170): mysqli->real_connect('localhost', 'root', Object(SensitiveParameterValue), 'comercio', 3306, '', 0)
#1 C:\xampp\htdocs\comercio\vendor\codeigniter4\framework\system\Database\BaseConnection.php(382): CodeIgniter\Database\MySQLi\Connection->connect(false)
#2 C:\xampp\htdocs\comercio\vendor\codeigniter4\framework\system\Database\BaseConnection.php(561): CodeIgniter\Database\BaseConnection->initialize()
#3 C:\xampp\htdocs\comercio\vendor\codeigniter4\framework\system\Database\BaseBuilder.php(1585): CodeIgniter\Database\BaseConnection->query('SELECT *\nFROM `...', Array, false)
#4 C:\xampp\htdocs\comercio\vendor\codeigniter4\framework\system\Model.php(240): CodeIgniter\Database\BaseBuilder->get()
#5 C:\xampp\htdocs\comercio\vendor\codeigniter4\framework\system\BaseModel.php(586): CodeIgniter\Model->doFindAll(0, 0)
#6 C:\xampp\htdocs\comercio\app\Controllers\CategoriaController.php(20): CodeIgniter\BaseModel->findAll()
#7 C:\xampp\htdocs\comercio\vendor\codeigniter4\framework\system\CodeIgniter.php(925): App\Controllers\CategoriaController->index()
#8 C:\xampp\htdocs\comercio\vendor\codeigniter4\framework\system\CodeIgniter.php(480): CodeIgniter\CodeIgniter->runController(Object(App\Controllers\CategoriaController))
#9 C:\xampp\htdocs\comercio\vendor\codeigniter4\framework\system\CodeIgniter.php(349): CodeIgniter\CodeIgniter->handleRequest(NULL, Object(Config\Cache), false)
#10 C:\xampp\htdocs\comercio\public\index.php(67): CodeIgniter\CodeIgniter->run()
#11 C:\xampp\htdocs\comercio\vendor\codeigniter4\framework\system\Commands\Server\rewrite.php(47): require_once('C:\\xampp\\htdocs...')
#12 {main}

Next CodeIgniter\Database\Exceptions\DatabaseException: Access denied for user '****'@'localhost' (using password: YES) in C:\xampp\htdocs\comercio\vendor\codeigniter4\framework\system\Database\MySQLi\Connection.php:215
Stack trace:
#0 C:\xampp\htdocs\comercio\vendor\codeigniter4\framework\system\Database\BaseConnection.php(382): CodeIgniter\Database\MySQLi\Connection->connect(false)
#1 C:\xampp\htdocs\comercio\vendor\codeigniter4\framework\system\Database\BaseConnection.php(561): CodeIgniter\Database\BaseConnection->initialize()
#2 C:\xampp\htdocs\comercio\vendor\codeigniter4\framework\system\Database\BaseBuilder.php(1585): CodeIgniter\Database\BaseConnection->query('SELECT *\nFROM `...', Array, false)
#3 C:\xampp\htdocs\comercio\vendor\codeigniter4\framework\system\Model.php(240): CodeIgniter\Database\BaseBuilder->get()
#4 C:\xampp\htdocs\comercio\vendor\codeigniter4\framework\system\BaseModel.php(586): CodeIgniter\Model->doFindAll(0, 0)
#5 C:\xampp\htdocs\comercio\app\Controllers\CategoriaController.php(20): CodeIgniter\BaseModel->findAll()
#6 C:\xampp\htdocs\comercio\vendor\codeigniter4\framework\system\CodeIgniter.php(925): App\Controllers\CategoriaController->index()
#7 C:\xampp\htdocs\comercio\vendor\codeigniter4\framework\system\CodeIgniter.php(480): CodeIgniter\CodeIgniter->runController(Object(App\Controllers\CategoriaController))
#8 C:\xampp\htdocs\comercio\vendor\codeigniter4\framework\system\CodeIgniter.php(349): CodeIgniter\CodeIgniter->handleRequest(NULL, Object(Config\Cache), false)
#9 C:\xampp\htdocs\comercio\public\index.php(67): CodeIgniter\CodeIgniter->run()
#10 C:\xampp\htdocs\comercio\vendor\codeigniter4\framework\system\Commands\Server\rewrite.php(47): require_once('C:\\xampp\\htdocs...')
#11 {main}
CRITICAL - 2023-01-05 21:48:03 --> Unable to connect to the database.
Main connection [MySQLi]: Access denied for user '****'@'localhost' (using password: YES)
in SYSTEMPATH\Database\BaseConnection.php on line 418.
 1 SYSTEMPATH\Database\BaseConnection.php(561): CodeIgniter\Database\BaseConnection->initialize()
 2 SYSTEMPATH\Database\BaseBuilder.php(1585): CodeIgniter\Database\BaseConnection->query('SELECT *
FROM `categorias`
ORDER BY `nomecategoria` ASC', [], false)
 3 SYSTEMPATH\Model.php(240): CodeIgniter\Database\BaseBuilder->get()
 4 SYSTEMPATH\BaseModel.php(586): CodeIgniter\Model->doFindAll(0, 0)
 5 APPPATH\Controllers\CategoriaController.php(20): CodeIgniter\BaseModel->findAll()
 6 SYSTEMPATH\CodeIgniter.php(925): App\Controllers\CategoriaController->index()
 7 SYSTEMPATH\CodeIgniter.php(480): CodeIgniter\CodeIgniter->runController(Object(App\Controllers\CategoriaController))
 8 SYSTEMPATH\CodeIgniter.php(349): CodeIgniter\CodeIgniter->handleRequest(null, Object(Config\Cache), false)
 9 FCPATH\index.php(67): CodeIgniter\CodeIgniter->run()
10 SYSTEMPATH\Commands\Server\rewrite.php(47): require_once('FCPATH\\index.php')
ERROR - 2023-01-05 21:51:41 --> mysqli_sql_exception: Table 'comercio.categorias' doesn't exist in C:\xampp\htdocs\comercio\vendor\codeigniter4\framework\system\Database\MySQLi\Connection.php:292
Stack trace:
#0 C:\xampp\htdocs\comercio\vendor\codeigniter4\framework\system\Database\MySQLi\Connection.php(292): mysqli->query('SELECT *\nFROM `...', 0)
#1 C:\xampp\htdocs\comercio\vendor\codeigniter4\framework\system\Database\BaseConnection.php(666): CodeIgniter\Database\MySQLi\Connection->execute('SELECT *\nFROM `...')
#2 C:\xampp\htdocs\comercio\vendor\codeigniter4\framework\system\Database\BaseConnection.php(593): CodeIgniter\Database\BaseConnection->simpleQuery('SELECT *\nFROM `...')
#3 C:\xampp\htdocs\comercio\vendor\codeigniter4\framework\system\Database\BaseBuilder.php(1585): CodeIgniter\Database\BaseConnection->query('SELECT *\nFROM `...', Array, false)
#4 C:\xampp\htdocs\comercio\vendor\codeigniter4\framework\system\Model.php(240): CodeIgniter\Database\BaseBuilder->get()
#5 C:\xampp\htdocs\comercio\vendor\codeigniter4\framework\system\BaseModel.php(586): CodeIgniter\Model->doFindAll(0, 0)
#6 C:\xampp\htdocs\comercio\app\Controllers\CategoriaController.php(20): CodeIgniter\BaseModel->findAll()
#7 C:\xampp\htdocs\comercio\vendor\codeigniter4\framework\system\CodeIgniter.php(925): App\Controllers\CategoriaController->index()
#8 C:\xampp\htdocs\comercio\vendor\codeigniter4\framework\system\CodeIgniter.php(480): CodeIgniter\CodeIgniter->runController(Object(App\Controllers\CategoriaController))
#9 C:\xampp\htdocs\comercio\vendor\codeigniter4\framework\system\CodeIgniter.php(349): CodeIgniter\CodeIgniter->handleRequest(NULL, Object(Config\Cache), false)
#10 C:\xampp\htdocs\comercio\public\index.php(67): CodeIgniter\CodeIgniter->run()
#11 C:\xampp\htdocs\comercio\vendor\codeigniter4\framework\system\Commands\Server\rewrite.php(47): require_once('C:\\xampp\\htdocs...')
#12 {main}
CRITICAL - 2023-01-05 21:51:41 --> Table 'comercio.categorias' doesn't exist
in SYSTEMPATH\Database\MySQLi\Connection.php on line 292.
 1 SYSTEMPATH\Database\MySQLi\Connection.php(292): mysqli->query('SELECT *
FROM `categorias`
ORDER BY `nomecategoria` ASC', 0)
 2 SYSTEMPATH\Database\BaseConnection.php(666): CodeIgniter\Database\MySQLi\Connection->execute('SELECT *
FROM `categorias`
ORDER BY `nomecategoria` ASC')
 3 SYSTEMPATH\Database\BaseConnection.php(593): CodeIgniter\Database\BaseConnection->simpleQuery('SELECT *
FROM `categorias`
ORDER BY `nomecategoria` ASC')
 4 SYSTEMPATH\Database\BaseBuilder.php(1585): CodeIgniter\Database\BaseConnection->query('SELECT *
FROM `categorias`
ORDER BY `nomecategoria` ASC', [], false)
 5 SYSTEMPATH\Model.php(240): CodeIgniter\Database\BaseBuilder->get()
 6 SYSTEMPATH\BaseModel.php(586): CodeIgniter\Model->doFindAll(0, 0)
 7 APPPATH\Controllers\CategoriaController.php(20): CodeIgniter\BaseModel->findAll()
 8 SYSTEMPATH\CodeIgniter.php(925): App\Controllers\CategoriaController->index()
 9 SYSTEMPATH\CodeIgniter.php(480): CodeIgniter\CodeIgniter->runController(Object(App\Controllers\CategoriaController))
10 SYSTEMPATH\CodeIgniter.php(349): CodeIgniter\CodeIgniter->handleRequest(null, Object(Config\Cache), false)
11 FCPATH\index.php(67): CodeIgniter\CodeIgniter->run()
12 SYSTEMPATH\Commands\Server\rewrite.php(47): require_once('FCPATH\\index.php')
CRITICAL - 2023-01-05 21:54:24 --> Undefined variable $empresa
in APPPATH\Views\categoria\listagem.php on line 21.
 1 APPPATH\Views\categoria\listagem.php(21): CodeIgniter\Debug\Exceptions->errorHandler(2, 'Undefined variable $empresa', 'APPPATH\\Views\\categoria\\listagem.php', 21)
 2 SYSTEMPATH\View\View.php(213): include('APPPATH\\Views\\categoria\\listagem.php')
 3 SYSTEMPATH\View\View.php(216): CodeIgniter\View\View->CodeIgniter\View\{closure}()
 4 SYSTEMPATH\Common.php(1135): CodeIgniter\View\View->render('categoria/listagem', [], true)
 5 APPPATH\Controllers\CategoriaController.php(23): view('categoria/listagem', [...])
 6 SYSTEMPATH\CodeIgniter.php(925): App\Controllers\CategoriaController->index()
 7 SYSTEMPATH\CodeIgniter.php(480): CodeIgniter\CodeIgniter->runController(Object(App\Controllers\CategoriaController))
 8 SYSTEMPATH\CodeIgniter.php(349): CodeIgniter\CodeIgniter->handleRequest(null, Object(Config\Cache), false)
 9 FCPATH\index.php(67): CodeIgniter\CodeIgniter->run()
10 SYSTEMPATH\Commands\Server\rewrite.php(47): require_once('FCPATH\\index.php')
ERROR - 2023-01-05 22:33:20 --> mysqli_sql_exception: Table 'comercio.produtos' doesn't exist in C:\xampp\htdocs\comercio\vendor\codeigniter4\framework\system\Database\MySQLi\Connection.php:292
Stack trace:
#0 C:\xampp\htdocs\comercio\vendor\codeigniter4\framework\system\Database\MySQLi\Connection.php(292): mysqli->query('SELECT COUNT(*)...', 0)
#1 C:\xampp\htdocs\comercio\vendor\codeigniter4\framework\system\Database\BaseConnection.php(666): CodeIgniter\Database\MySQLi\Connection->execute('SELECT COUNT(*)...')
#2 C:\xampp\htdocs\comercio\vendor\codeigniter4\framework\system\Database\BaseConnection.php(593): CodeIgniter\Database\BaseConnection->simpleQuery('SELECT COUNT(*)...')
#3 C:\xampp\htdocs\comercio\vendor\codeigniter4\framework\system\Database\BaseBuilder.php(1669): CodeIgniter\Database\BaseConnection->query('SELECT COUNT(*)...', Array, false)
#4 C:\xampp\htdocs\comercio\vendor\codeigniter4\framework\system\Model.php(575): CodeIgniter\Database\BaseBuilder->countAllResults(true)
#5 C:\xampp\htdocs\comercio\app\Controllers\Home.php(18): CodeIgniter\Model->countAllResults()
#6 C:\xampp\htdocs\comercio\vendor\codeigniter4\framework\system\CodeIgniter.php(925): App\Controllers\Home->index()
#7 C:\xampp\htdocs\comercio\vendor\codeigniter4\framework\system\CodeIgniter.php(480): CodeIgniter\CodeIgniter->runController(Object(App\Controllers\Home))
#8 C:\xampp\htdocs\comercio\vendor\codeigniter4\framework\system\CodeIgniter.php(349): CodeIgniter\CodeIgniter->handleRequest(NULL, Object(Config\Cache), false)
#9 C:\xampp\htdocs\comercio\public\index.php(67): CodeIgniter\CodeIgniter->run()
#10 C:\xampp\htdocs\comercio\vendor\codeigniter4\framework\system\Commands\Server\rewrite.php(47): require_once('C:\\xampp\\htdocs...')
#11 {main}
CRITICAL - 2023-01-05 22:33:20 --> Table 'comercio.produtos' doesn't exist
in SYSTEMPATH\Database\MySQLi\Connection.php on line 292.
 1 SYSTEMPATH\Database\MySQLi\Connection.php(292): mysqli->query('SELECT COUNT(*) AS `numrows`
FROM `produtos`', 0)
 2 SYSTEMPATH\Database\BaseConnection.php(666): CodeIgniter\Database\MySQLi\Connection->execute('SELECT COUNT(*) AS `numrows`
FROM `produtos`')
 3 SYSTEMPATH\Database\BaseConnection.php(593): CodeIgniter\Database\BaseConnection->simpleQuery('SELECT COUNT(*) AS `numrows`
FROM `produtos`')
 4 SYSTEMPATH\Database\BaseBuilder.php(1669): CodeIgniter\Database\BaseConnection->query('SELECT COUNT(*) AS `numrows`
FROM `produtos`', [], false)
 5 SYSTEMPATH\Model.php(575): CodeIgniter\Database\BaseBuilder->countAllResults(true)
 6 APPPATH\Controllers\Home.php(18): CodeIgniter\Model->countAllResults()
 7 SYSTEMPATH\CodeIgniter.php(925): App\Controllers\Home->index()
 8 SYSTEMPATH\CodeIgniter.php(480): CodeIgniter\CodeIgniter->runController(Object(App\Controllers\Home))
 9 SYSTEMPATH\CodeIgniter.php(349): CodeIgniter\CodeIgniter->handleRequest(null, Object(Config\Cache), false)
10 FCPATH\index.php(67): CodeIgniter\CodeIgniter->run()
11 SYSTEMPATH\Commands\Server\rewrite.php(47): require_once('FCPATH\\index.php')
CRITICAL - 2023-01-05 23:12:04 --> Undefined variable $isset
in APPPATH\Views\categoria\editar.php on line 10.
 1 APPPATH\Views\categoria\editar.php(10): CodeIgniter\Debug\Exceptions->errorHandler(2, 'Undefined variable $isset', 'APPPATH\\Views\\categoria\\editar.php', 10)
 2 SYSTEMPATH\View\View.php(213): include('APPPATH\\Views\\categoria\\editar.php')
 3 SYSTEMPATH\View\View.php(216): CodeIgniter\View\View->CodeIgniter\View\{closure}()
 4 SYSTEMPATH\Common.php(1135): CodeIgniter\View\View->render('categoria/editar', [], true)
 5 APPPATH\Controllers\CategoriaController.php(33): view('categoria/editar', [...])
 6 SYSTEMPATH\CodeIgniter.php(925): App\Controllers\CategoriaController->editar('1')
 7 SYSTEMPATH\CodeIgniter.php(480): CodeIgniter\CodeIgniter->runController(Object(App\Controllers\CategoriaController))
 8 SYSTEMPATH\CodeIgniter.php(349): CodeIgniter\CodeIgniter->handleRequest(null, Object(Config\Cache), false)
 9 FCPATH\index.php(67): CodeIgniter\CodeIgniter->run()
10 SYSTEMPATH\Commands\Server\rewrite.php(47): require_once('FCPATH\\index.php')
CRITICAL - 2023-01-05 23:23:32 --> Undefined variable $isset
in APPPATH\Views\categoria\editar.php on line 10.
 1 APPPATH\Views\categoria\editar.php(10): CodeIgniter\Debug\Exceptions->errorHandler(2, 'Undefined variable $isset', 'APPPATH\\Views\\categoria\\editar.php', 10)
 2 SYSTEMPATH\View\View.php(213): include('APPPATH\\Views\\categoria\\editar.php')
 3 SYSTEMPATH\View\View.php(216): CodeIgniter\View\View->CodeIgniter\View\{closure}()
 4 SYSTEMPATH\Common.php(1135): CodeIgniter\View\View->render('categoria/editar', [], true)
 5 APPPATH\Controllers\CategoriaController.php(33): view('categoria/editar', [...])
 6 SYSTEMPATH\CodeIgniter.php(925): App\Controllers\CategoriaController->editar('5')
 7 SYSTEMPATH\CodeIgniter.php(480): CodeIgniter\CodeIgniter->runController(Object(App\Controllers\CategoriaController))
 8 SYSTEMPATH\CodeIgniter.php(349): CodeIgniter\CodeIgniter->handleRequest(null, Object(Config\Cache), false)
 9 FCPATH\index.php(67): CodeIgniter\CodeIgniter->run()
10 SYSTEMPATH\Commands\Server\rewrite.php(47): require_once('FCPATH\\index.php')
