ERROR - 2023-01-06 08:10:07 --> Error connecting to the database: mysqli_sql_exception: Nenhuma conexão pôde ser feita porque a máquina de destino as recusou ativamente in C:\xampp\htdocs\comercio\vendor\codeigniter4\framework\system\Database\MySQLi\Connection.php:170
Stack trace:
#0 C:\xampp\htdocs\comercio\vendor\codeigniter4\framework\system\Database\MySQLi\Connection.php(170): mysqli->real_connect('localhost', 'root', Object(SensitiveParameterValue), 'comercio', 3306, '', 0)
#1 C:\xampp\htdocs\comercio\vendor\codeigniter4\framework\system\Database\BaseConnection.php(382): CodeIgniter\Database\MySQLi\Connection->connect(false)
#2 C:\xampp\htdocs\comercio\vendor\codeigniter4\framework\system\Database\BaseConnection.php(561): CodeIgniter\Database\BaseConnection->initialize()
#3 C:\xampp\htdocs\comercio\vendor\codeigniter4\framework\system\Database\BaseBuilder.php(1669): CodeIgniter\Database\BaseConnection->query('SELECT COUNT(*)...', Array, false)
#4 C:\xampp\htdocs\comercio\vendor\codeigniter4\framework\system\Model.php(575): CodeIgniter\Database\BaseBuilder->countAllResults(true)
#5 C:\xampp\htdocs\comercio\app\Controllers\Home.php(18): CodeIgniter\Model->countAllResults()
#6 C:\xampp\htdocs\comercio\vendor\codeigniter4\framework\system\CodeIgniter.php(925): App\Controllers\Home->index()
#7 C:\xampp\htdocs\comercio\vendor\codeigniter4\framework\system\CodeIgniter.php(480): CodeIgniter\CodeIgniter->runController(Object(App\Controllers\Home))
#8 C:\xampp\htdocs\comercio\vendor\codeigniter4\framework\system\CodeIgniter.php(349): CodeIgniter\CodeIgniter->handleRequest(NULL, Object(Config\Cache), false)
#9 C:\xampp\htdocs\comercio\public\index.php(67): CodeIgniter\CodeIgniter->run()
#10 C:\xampp\htdocs\comercio\vendor\codeigniter4\framework\system\Commands\Server\rewrite.php(47): require_once('C:\\xampp\\htdocs...')
#11 {main}

Next CodeIgniter\Database\Exceptions\DatabaseException: Nenhuma conexão pôde ser feita porque a máquina de destino as recusou ativamente in C:\xampp\htdocs\comercio\vendor\codeigniter4\framework\system\Database\MySQLi\Connection.php:215
Stack trace:
#0 C:\xampp\htdocs\comercio\vendor\codeigniter4\framework\system\Database\BaseConnection.php(382): CodeIgniter\Database\MySQLi\Connection->connect(false)
#1 C:\xampp\htdocs\comercio\vendor\codeigniter4\framework\system\Database\BaseConnection.php(561): CodeIgniter\Database\BaseConnection->initialize()
#2 C:\xampp\htdocs\comercio\vendor\codeigniter4\framework\system\Database\BaseBuilder.php(1669): CodeIgniter\Database\BaseConnection->query('SELECT COUNT(*)...', Array, false)
#3 C:\xampp\htdocs\comercio\vendor\codeigniter4\framework\system\Model.php(575): CodeIgniter\Database\BaseBuilder->countAllResults(true)
#4 C:\xampp\htdocs\comercio\app\Controllers\Home.php(18): CodeIgniter\Model->countAllResults()
#5 C:\xampp\htdocs\comercio\vendor\codeigniter4\framework\system\CodeIgniter.php(925): App\Controllers\Home->index()
#6 C:\xampp\htdocs\comercio\vendor\codeigniter4\framework\system\CodeIgniter.php(480): CodeIgniter\CodeIgniter->runController(Object(App\Controllers\Home))
#7 C:\xampp\htdocs\comercio\vendor\codeigniter4\framework\system\CodeIgniter.php(349): CodeIgniter\CodeIgniter->handleRequest(NULL, Object(Config\Cache), false)
#8 C:\xampp\htdocs\comercio\public\index.php(67): CodeIgniter\CodeIgniter->run()
#9 C:\xampp\htdocs\comercio\vendor\codeigniter4\framework\system\Commands\Server\rewrite.php(47): require_once('C:\\xampp\\htdocs...')
#10 {main}
CRITICAL - 2023-01-06 08:10:07 --> Unable to connect to the database.
Main connection [MySQLi]: Nenhuma conexão pôde ser feita porque a máquina de destino as recusou ativamente
in SYSTEMPATH\Database\BaseConnection.php on line 418.
 1 SYSTEMPATH\Database\BaseConnection.php(561): CodeIgniter\Database\BaseConnection->initialize()
 2 SYSTEMPATH\Database\BaseBuilder.php(1669): CodeIgniter\Database\BaseConnection->query('SELECT COUNT(*) AS `numrows`
FROM `categoria`', [], false)
 3 SYSTEMPATH\Model.php(575): CodeIgniter\Database\BaseBuilder->countAllResults(true)
 4 APPPATH\Controllers\Home.php(18): CodeIgniter\Model->countAllResults()
 5 SYSTEMPATH\CodeIgniter.php(925): App\Controllers\Home->index()
 6 SYSTEMPATH\CodeIgniter.php(480): CodeIgniter\CodeIgniter->runController(Object(App\Controllers\Home))
 7 SYSTEMPATH\CodeIgniter.php(349): CodeIgniter\CodeIgniter->handleRequest(null, Object(Config\Cache), false)
 8 FCPATH\index.php(67): CodeIgniter\CodeIgniter->run()
 9 SYSTEMPATH\Commands\Server\rewrite.php(47): require_once('FCPATH\\index.php')
CRITICAL - 2023-01-06 12:57:50 --> Não há dados para insert.
in SYSTEMPATH\BaseModel.php on line 1600.
 1 SYSTEMPATH\BaseModel.php(1600): CodeIgniter\Database\Exceptions\DataException::forEmptyDataset('insert')
 2 SYSTEMPATH\BaseModel.php(710): CodeIgniter\BaseModel->transformDataToArray(null, 'insert')
 3 SYSTEMPATH\Model.php(695): CodeIgniter\BaseModel->insert(null, true)
 4 APPPATH\Controllers\CategoriaController.php(44): CodeIgniter\Model->insert(null)
 5 SYSTEMPATH\CodeIgniter.php(925): App\Controllers\CategoriaController->inserir()
 6 SYSTEMPATH\CodeIgniter.php(480): CodeIgniter\CodeIgniter->runController(Object(App\Controllers\CategoriaController))
 7 SYSTEMPATH\CodeIgniter.php(349): CodeIgniter\CodeIgniter->handleRequest(null, Object(Config\Cache), false)
 8 FCPATH\index.php(67): CodeIgniter\CodeIgniter->run()
 9 SYSTEMPATH\Commands\Server\rewrite.php(47): require_once('FCPATH\\index.php')
CRITICAL - 2023-01-06 18:01:32 --> Não há dados para insert.
in SYSTEMPATH\BaseModel.php on line 1600.
 1 SYSTEMPATH\BaseModel.php(1600): CodeIgniter\Database\Exceptions\DataException::forEmptyDataset('insert')
 2 SYSTEMPATH\BaseModel.php(710): CodeIgniter\BaseModel->transformDataToArray(null, 'insert')
 3 SYSTEMPATH\Model.php(695): CodeIgniter\BaseModel->insert(null, true)
 4 APPPATH\Controllers\CategoriaController.php(44): CodeIgniter\Model->insert(null)
 5 SYSTEMPATH\CodeIgniter.php(925): App\Controllers\CategoriaController->inserir()
 6 SYSTEMPATH\CodeIgniter.php(480): CodeIgniter\CodeIgniter->runController(Object(App\Controllers\CategoriaController))
 7 SYSTEMPATH\CodeIgniter.php(349): CodeIgniter\CodeIgniter->handleRequest(null, Object(Config\Cache), false)
 8 FCPATH\index.php(67): CodeIgniter\CodeIgniter->run()
 9 SYSTEMPATH\Commands\Server\rewrite.php(47): require_once('FCPATH\\index.php')
CRITICAL - 2023-01-06 18:14:34 --> Não há dados para insert.
in SYSTEMPATH\BaseModel.php on line 1600.
 1 SYSTEMPATH\BaseModel.php(1600): CodeIgniter\Database\Exceptions\DataException::forEmptyDataset('insert')
 2 SYSTEMPATH\BaseModel.php(710): CodeIgniter\BaseModel->transformDataToArray(null, 'insert')
 3 SYSTEMPATH\Model.php(695): CodeIgniter\BaseModel->insert(null, true)
 4 APPPATH\Controllers\CategoriaController.php(44): CodeIgniter\Model->insert(null)
 5 SYSTEMPATH\CodeIgniter.php(925): App\Controllers\CategoriaController->inserir()
 6 SYSTEMPATH\CodeIgniter.php(480): CodeIgniter\CodeIgniter->runController(Object(App\Controllers\CategoriaController))
 7 SYSTEMPATH\CodeIgniter.php(349): CodeIgniter\CodeIgniter->handleRequest(null, Object(Config\Cache), false)
 8 FCPATH\index.php(67): CodeIgniter\CodeIgniter->run()
 9 SYSTEMPATH\Commands\Server\rewrite.php(47): require_once('FCPATH\\index.php')
CRITICAL - 2023-01-06 18:14:38 --> Não há dados para insert.
in SYSTEMPATH\BaseModel.php on line 1600.
 1 SYSTEMPATH\BaseModel.php(1600): CodeIgniter\Database\Exceptions\DataException::forEmptyDataset('insert')
 2 SYSTEMPATH\BaseModel.php(710): CodeIgniter\BaseModel->transformDataToArray(null, 'insert')
 3 SYSTEMPATH\Model.php(695): CodeIgniter\BaseModel->insert(null, true)
 4 APPPATH\Controllers\CategoriaController.php(44): CodeIgniter\Model->insert(null)
 5 SYSTEMPATH\CodeIgniter.php(925): App\Controllers\CategoriaController->inserir()
 6 SYSTEMPATH\CodeIgniter.php(480): CodeIgniter\CodeIgniter->runController(Object(App\Controllers\CategoriaController))
 7 SYSTEMPATH\CodeIgniter.php(349): CodeIgniter\CodeIgniter->handleRequest(null, Object(Config\Cache), false)
 8 FCPATH\index.php(67): CodeIgniter\CodeIgniter->run()
 9 SYSTEMPATH\Commands\Server\rewrite.php(47): require_once('FCPATH\\index.php')
CRITICAL - 2023-01-06 18:16:11 --> Não há dados para insert.
in SYSTEMPATH\BaseModel.php on line 1600.
 1 SYSTEMPATH\BaseModel.php(1600): CodeIgniter\Database\Exceptions\DataException::forEmptyDataset('insert')
 2 SYSTEMPATH\BaseModel.php(710): CodeIgniter\BaseModel->transformDataToArray(null, 'insert')
 3 SYSTEMPATH\Model.php(695): CodeIgniter\BaseModel->insert(null, true)
 4 APPPATH\Controllers\CategoriaController.php(44): CodeIgniter\Model->insert(null)
 5 SYSTEMPATH\CodeIgniter.php(925): App\Controllers\CategoriaController->inserir()
 6 SYSTEMPATH\CodeIgniter.php(480): CodeIgniter\CodeIgniter->runController(Object(App\Controllers\CategoriaController))
 7 SYSTEMPATH\CodeIgniter.php(349): CodeIgniter\CodeIgniter->handleRequest(null, Object(Config\Cache), false)
 8 FCPATH\index.php(67): CodeIgniter\CodeIgniter->run()
 9 SYSTEMPATH\Commands\Server\rewrite.php(47): require_once('FCPATH\\index.php')
CRITICAL - 2023-01-06 18:16:19 --> Não há dados para insert.
in SYSTEMPATH\BaseModel.php on line 1600.
 1 SYSTEMPATH\BaseModel.php(1600): CodeIgniter\Database\Exceptions\DataException::forEmptyDataset('insert')
 2 SYSTEMPATH\BaseModel.php(710): CodeIgniter\BaseModel->transformDataToArray(null, 'insert')
 3 SYSTEMPATH\Model.php(695): CodeIgniter\BaseModel->insert(null, true)
 4 APPPATH\Controllers\CategoriaController.php(44): CodeIgniter\Model->insert(null)
 5 SYSTEMPATH\CodeIgniter.php(925): App\Controllers\CategoriaController->inserir()
 6 SYSTEMPATH\CodeIgniter.php(480): CodeIgniter\CodeIgniter->runController(Object(App\Controllers\CategoriaController))
 7 SYSTEMPATH\CodeIgniter.php(349): CodeIgniter\CodeIgniter->handleRequest(null, Object(Config\Cache), false)
 8 FCPATH\index.php(67): CodeIgniter\CodeIgniter->run()
 9 SYSTEMPATH\Commands\Server\rewrite.php(47): require_once('FCPATH\\index.php')
CRITICAL - 2023-01-06 18:42:42 --> Arquivo inválido: inserir.php
in SYSTEMPATH\Exceptions\FrameworkException.php on line 33.
 1 SYSTEMPATH\View\View.php(201): CodeIgniter\Exceptions\FrameworkException::forInvalidFile('inserir.php')
 2 SYSTEMPATH\Common.php(1135): CodeIgniter\View\View->render('inserir', [], true)
 3 APPPATH\Controllers\CategoriaController.php(42): view('inserir')
 4 SYSTEMPATH\CodeIgniter.php(925): App\Controllers\CategoriaController->inserir()
 5 SYSTEMPATH\CodeIgniter.php(480): CodeIgniter\CodeIgniter->runController(Object(App\Controllers\CategoriaController))
 6 SYSTEMPATH\CodeIgniter.php(349): CodeIgniter\CodeIgniter->handleRequest(null, Object(Config\Cache), false)
 7 FCPATH\index.php(67): CodeIgniter\CodeIgniter->run()
 8 SYSTEMPATH\Commands\Server\rewrite.php(47): require_once('FCPATH\\index.php')
CRITICAL - 2023-01-06 20:44:07 --> Undefined variable $categorias
in APPPATH\Views\categoria\listagem.php on line 26.
 1 APPPATH\Views\categoria\listagem.php(26): CodeIgniter\Debug\Exceptions->errorHandler(2, 'Undefined variable $categorias', 'APPPATH\\Views\\categoria\\listagem.php', 26)
 2 SYSTEMPATH\View\View.php(213): include('APPPATH\\Views\\categoria\\listagem.php')
 3 SYSTEMPATH\View\View.php(216): CodeIgniter\View\View->CodeIgniter\View\{closure}()
 4 SYSTEMPATH\Common.php(1135): CodeIgniter\View\View->render('categoria/listagem', [], true)
 5 APPPATH\Controllers\CategoriaController.php(44): view('categoria/listagem')
 6 SYSTEMPATH\CodeIgniter.php(925): App\Controllers\CategoriaController->inserir()
 7 SYSTEMPATH\CodeIgniter.php(480): CodeIgniter\CodeIgniter->runController(Object(App\Controllers\CategoriaController))
 8 SYSTEMPATH\CodeIgniter.php(349): CodeIgniter\CodeIgniter->handleRequest(null, Object(Config\Cache), false)
 9 FCPATH\index.php(67): CodeIgniter\CodeIgniter->run()
10 SYSTEMPATH\Commands\Server\rewrite.php(47): require_once('FCPATH\\index.php')
CRITICAL - 2023-01-06 21:04:09 --> Arquivo inválido: categorias/inserir.php
in SYSTEMPATH\Exceptions\FrameworkException.php on line 33.
 1 SYSTEMPATH\View\View.php(201): CodeIgniter\Exceptions\FrameworkException::forInvalidFile('categorias/inserir.php')
 2 SYSTEMPATH\Common.php(1135): CodeIgniter\View\View->render('categorias/inserir', [], true)
 3 APPPATH\Controllers\CategoriaController.php(43): view('categorias/inserir')
 4 SYSTEMPATH\CodeIgniter.php(925): App\Controllers\CategoriaController->inserir()
 5 SYSTEMPATH\CodeIgniter.php(480): CodeIgniter\CodeIgniter->runController(Object(App\Controllers\CategoriaController))
 6 SYSTEMPATH\CodeIgniter.php(349): CodeIgniter\CodeIgniter->handleRequest(null, Object(Config\Cache), false)
 7 FCPATH\index.php(67): CodeIgniter\CodeIgniter->run()
 8 SYSTEMPATH\Commands\Server\rewrite.php(47): require_once('FCPATH\\index.php')
CRITICAL - 2023-01-06 21:32:53 --> Arquivo inválido: news/success.php
in SYSTEMPATH\Exceptions\FrameworkException.php on line 33.
 1 SYSTEMPATH\View\View.php(201): CodeIgniter\Exceptions\FrameworkException::forInvalidFile('news/success.php')
 2 SYSTEMPATH\Common.php(1135): CodeIgniter\View\View->render('news/success', [], true)
 3 APPPATH\Controllers\CategoriaController.php(40): view('news/success')
 4 SYSTEMPATH\CodeIgniter.php(925): App\Controllers\CategoriaController->inserir()
 5 SYSTEMPATH\CodeIgniter.php(480): CodeIgniter\CodeIgniter->runController(Object(App\Controllers\CategoriaController))
 6 SYSTEMPATH\CodeIgniter.php(349): CodeIgniter\CodeIgniter->handleRequest(null, Object(Config\Cache), false)
 7 FCPATH\index.php(67): CodeIgniter\CodeIgniter->run()
 8 SYSTEMPATH\Commands\Server\rewrite.php(47): require_once('FCPATH\\index.php')
CRITICAL - 2023-01-06 22:08:57 --> CodeIgniter\BaseModel::transformDataToArray(): Return value must be of type array, string returned
in SYSTEMPATH\BaseModel.php on line 1626.
 1 SYSTEMPATH\BaseModel.php(710): CodeIgniter\BaseModel->transformDataToArray('Vestuário', 'insert')
 2 SYSTEMPATH\Model.php(695): CodeIgniter\BaseModel->insert('Vestuário', true)
 3 APPPATH\Controllers\CategoriaController.php(39): CodeIgniter\Model->insert('Vestuário')
 4 SYSTEMPATH\CodeIgniter.php(925): App\Controllers\CategoriaController->inserir()
 5 SYSTEMPATH\CodeIgniter.php(480): CodeIgniter\CodeIgniter->runController(Object(App\Controllers\CategoriaController))
 6 SYSTEMPATH\CodeIgniter.php(349): CodeIgniter\CodeIgniter->handleRequest(null, Object(Config\Cache), false)
 7 FCPATH\index.php(67): CodeIgniter\CodeIgniter->run()
 8 SYSTEMPATH\Commands\Server\rewrite.php(47): require_once('FCPATH\\index.php')
CRITICAL - 2023-01-06 22:24:53 --> Call to undefined function App\Controllers\now()
in APPPATH\Controllers\CategoriaController.php on line 41.
 1 SYSTEMPATH\CodeIgniter.php(925): App\Controllers\CategoriaController->inserir()
 2 SYSTEMPATH\CodeIgniter.php(480): CodeIgniter\CodeIgniter->runController(Object(App\Controllers\CategoriaController))
 3 SYSTEMPATH\CodeIgniter.php(349): CodeIgniter\CodeIgniter->handleRequest(null, Object(Config\Cache), false)
 4 FCPATH\index.php(67): CodeIgniter\CodeIgniter->run()
 5 SYSTEMPATH\Commands\Server\rewrite.php(47): require_once('FCPATH\\index.php')
