CRITICAL - 2023-01-08 00:04:43 --> Call to undefined method App\Models\Venda::selectCountSum
in SYSTEMPATH\Model.php on line 807.
 1 APPPATH\Controllers\Home.php(33): CodeIgniter\Model->__call('selectCountSum', [...])
 2 APPPATH\Controllers\Home.php(24): App\Controllers\Home->vendasPorDia()
 3 SYSTEMPATH\CodeIgniter.php(925): App\Controllers\Home->index()
 4 SYSTEMPATH\CodeIgniter.php(480): CodeIgniter\CodeIgniter->runController(Object(App\Controllers\Home))
 5 SYSTEMPATH\CodeIgniter.php(349): CodeIgniter\CodeIgniter->handleRequest(null, Object(Config\Cache), false)
 6 FCPATH\index.php(67): CodeIgniter\CodeIgniter->run()
 7 SYSTEMPATH\Commands\Server\rewrite.php(47): require_once('FCPATH\\index.php')
CRITICAL - 2023-01-08 00:28:12 --> Undefined property: stdClass::$qtde
in APPPATH\Views\welcome_message.php on line 95.
 1 APPPATH\Views\welcome_message.php(95): CodeIgniter\Debug\Exceptions->errorHandler(2, 'Undefined property: stdClass::$qtde', 'APPPATH\\Views\\welcome_message.php', 95)
 2 SYSTEMPATH\View\View.php(213): include('APPPATH\\Views\\welcome_message.php')
 3 SYSTEMPATH\View\View.php(216): CodeIgniter\View\View->CodeIgniter\View\{closure}()
 4 SYSTEMPATH\Common.php(1135): CodeIgniter\View\View->render('welcome_message', [], true)
 5 APPPATH\Controllers\Home.php(27): view('welcome_message', [...])
 6 SYSTEMPATH\CodeIgniter.php(925): App\Controllers\Home->index()
 7 SYSTEMPATH\CodeIgniter.php(480): CodeIgniter\CodeIgniter->runController(Object(App\Controllers\Home))
 8 SYSTEMPATH\CodeIgniter.php(349): CodeIgniter\CodeIgniter->handleRequest(null, Object(Config\Cache), false)
 9 FCPATH\index.php(67): CodeIgniter\CodeIgniter->run()
10 SYSTEMPATH\Commands\Server\rewrite.php(47): require_once('FCPATH\\index.php')
CRITICAL - 2023-01-08 00:29:18 --> Undefined property: stdClass::$qtde
in APPPATH\Views\welcome_message.php on line 120.
 1 APPPATH\Views\welcome_message.php(120): CodeIgniter\Debug\Exceptions->errorHandler(2, 'Undefined property: stdClass::$qtde', 'APPPATH\\Views\\welcome_message.php', 120)
 2 SYSTEMPATH\View\View.php(213): include('APPPATH\\Views\\welcome_message.php')
 3 SYSTEMPATH\View\View.php(216): CodeIgniter\View\View->CodeIgniter\View\{closure}()
 4 SYSTEMPATH\Common.php(1135): CodeIgniter\View\View->render('welcome_message', [], true)
 5 APPPATH\Controllers\Home.php(27): view('welcome_message', [...])
 6 SYSTEMPATH\CodeIgniter.php(925): App\Controllers\Home->index()
 7 SYSTEMPATH\CodeIgniter.php(480): CodeIgniter\CodeIgniter->runController(Object(App\Controllers\Home))
 8 SYSTEMPATH\CodeIgniter.php(349): CodeIgniter\CodeIgniter->handleRequest(null, Object(Config\Cache), false)
 9 FCPATH\index.php(67): CodeIgniter\CodeIgniter->run()
10 SYSTEMPATH\Commands\Server\rewrite.php(47): require_once('FCPATH\\index.php')
CRITICAL - 2023-01-08 00:35:48 --> syntax error, unexpected end of file
in APPPATH\Views\welcome_message.php on line 129.
 1 SYSTEMPATH\View\View.php(216): CodeIgniter\View\View->CodeIgniter\View\{closure}()
 2 SYSTEMPATH\Common.php(1135): CodeIgniter\View\View->render('welcome_message', [], true)
 3 APPPATH\Controllers\Home.php(27): view('welcome_message', [...])
 4 SYSTEMPATH\CodeIgniter.php(925): App\Controllers\Home->index()
 5 SYSTEMPATH\CodeIgniter.php(480): CodeIgniter\CodeIgniter->runController(Object(App\Controllers\Home))
 6 SYSTEMPATH\CodeIgniter.php(349): CodeIgniter\CodeIgniter->handleRequest(null, Object(Config\Cache), false)
 7 FCPATH\index.php(67): CodeIgniter\CodeIgniter->run()
 8 SYSTEMPATH\Commands\Server\rewrite.php(47): require_once('FCPATH\\index.php')
CRITICAL - 2023-01-08 11:49:59 --> Undefined property: stdClass::$datacompra
in APPPATH\Views\welcome_message.php on line 96.
 1 APPPATH\Views\welcome_message.php(96): CodeIgniter\Debug\Exceptions->errorHandler(2, 'Undefined property: stdClass::$datacompra', 'APPPATH\\Views\\welcome_message.php', 96)
 2 SYSTEMPATH\View\View.php(213): include('APPPATH\\Views\\welcome_message.php')
 3 SYSTEMPATH\View\View.php(216): CodeIgniter\View\View->CodeIgniter\View\{closure}()
 4 SYSTEMPATH\Common.php(1135): CodeIgniter\View\View->render('welcome_message', [], true)
 5 APPPATH\Controllers\Home.php(27): view('welcome_message', [...])
 6 SYSTEMPATH\CodeIgniter.php(925): App\Controllers\Home->index()
 7 SYSTEMPATH\CodeIgniter.php(480): CodeIgniter\CodeIgniter->runController(Object(App\Controllers\Home))
 8 SYSTEMPATH\CodeIgniter.php(349): CodeIgniter\CodeIgniter->handleRequest(null, Object(Config\Cache), false)
 9 FCPATH\index.php(67): CodeIgniter\CodeIgniter->run()
10 SYSTEMPATH\Commands\Server\rewrite.php(47): require_once('FCPATH\\index.php')
ERROR - 2023-01-08 11:56:46 --> mysqli_sql_exception: You have an error in your SQL syntax; check the manual that corresponds to your MariaDB server version for the right syntax to use near '))as datacompra, `id`, SUM(`qtde`) AS `total`
FROM `venda`
WHERE `venda`.`del...' at line 1 in C:\xampp\htdocs\comercio\vendor\codeigniter4\framework\system\Database\MySQLi\Connection.php:292
Stack trace:
#0 C:\xampp\htdocs\comercio\vendor\codeigniter4\framework\system\Database\MySQLi\Connection.php(292): mysqli->query('SELECT concat(d...', 0)
#1 C:\xampp\htdocs\comercio\vendor\codeigniter4\framework\system\Database\BaseConnection.php(666): CodeIgniter\Database\MySQLi\Connection->execute('SELECT concat(d...')
#2 C:\xampp\htdocs\comercio\vendor\codeigniter4\framework\system\Database\BaseConnection.php(593): CodeIgniter\Database\BaseConnection->simpleQuery('SELECT concat(d...')
#3 C:\xampp\htdocs\comercio\vendor\codeigniter4\framework\system\Database\BaseBuilder.php(1585): CodeIgniter\Database\BaseConnection->query('SELECT concat(d...', Array, false)
#4 C:\xampp\htdocs\comercio\vendor\codeigniter4\framework\system\Model.php(240): CodeIgniter\Database\BaseBuilder->get()
#5 C:\xampp\htdocs\comercio\vendor\codeigniter4\framework\system\BaseModel.php(586): CodeIgniter\Model->doFindAll(0, 0)
#6 C:\xampp\htdocs\comercio\app\Controllers\Home.php(35): CodeIgniter\BaseModel->findAll()
#7 C:\xampp\htdocs\comercio\app\Controllers\Home.php(24): App\Controllers\Home->vendasPorDia()
#8 C:\xampp\htdocs\comercio\vendor\codeigniter4\framework\system\CodeIgniter.php(925): App\Controllers\Home->index()
#9 C:\xampp\htdocs\comercio\vendor\codeigniter4\framework\system\CodeIgniter.php(480): CodeIgniter\CodeIgniter->runController(Object(App\Controllers\Home))
#10 C:\xampp\htdocs\comercio\vendor\codeigniter4\framework\system\CodeIgniter.php(349): CodeIgniter\CodeIgniter->handleRequest(NULL, Object(Config\Cache), false)
#11 C:\xampp\htdocs\comercio\public\index.php(67): CodeIgniter\CodeIgniter->run()
#12 C:\xampp\htdocs\comercio\vendor\codeigniter4\framework\system\Commands\Server\rewrite.php(47): require_once('C:\\xampp\\htdocs...')
#13 {main}
CRITICAL - 2023-01-08 11:56:46 --> You have an error in your SQL syntax; check the manual that corresponds to your MariaDB server version for the right syntax to use near '))as datacompra, `id`, SUM(`qtde`) AS `total`
FROM `venda`
WHERE `venda`.`del...' at line 1
in SYSTEMPATH\Database\MySQLi\Connection.php on line 292.
 1 SYSTEMPATH\Database\MySQLi\Connection.php(292): mysqli->query('SELECT concat(datacompra, ))as datacompra, `id`, SUM(`qtde`) AS `total`
FROM `venda`
WHERE `venda`.`deleted_at` IS NULL
GROUP BY `datacompra`
ORDER BY `datacompra` ASC', 0)
 2 SYSTEMPATH\Database\BaseConnection.php(666): CodeIgniter\Database\MySQLi\Connection->execute('SELECT concat(datacompra, ))as datacompra, `id`, SUM(`qtde`) AS `total`
FROM `venda`
WHERE `venda`.`deleted_at` IS NULL
GROUP BY `datacompra`
ORDER BY `datacompra` ASC')
 3 SYSTEMPATH\Database\BaseConnection.php(593): CodeIgniter\Database\BaseConnection->simpleQuery('SELECT concat(datacompra, ))as datacompra, `id`, SUM(`qtde`) AS `total`
FROM `venda`
WHERE `venda`.`deleted_at` IS NULL
GROUP BY `datacompra`
ORDER BY `datacompra` ASC')
 4 SYSTEMPATH\Database\BaseBuilder.php(1585): CodeIgniter\Database\BaseConnection->query('SELECT concat(datacompra, ))as datacompra, `id`, SUM(`qtde`) AS `total`
FROM `venda`
WHERE `venda`.`deleted_at` IS NULL
GROUP BY `datacompra`
ORDER BY `datacompra` ASC', [], false)
 5 SYSTEMPATH\Model.php(240): CodeIgniter\Database\BaseBuilder->get()
 6 SYSTEMPATH\BaseModel.php(586): CodeIgniter\Model->doFindAll(0, 0)
 7 APPPATH\Controllers\Home.php(35): CodeIgniter\BaseModel->findAll()
 8 APPPATH\Controllers\Home.php(24): App\Controllers\Home->vendasPorDia()
 9 SYSTEMPATH\CodeIgniter.php(925): App\Controllers\Home->index()
10 SYSTEMPATH\CodeIgniter.php(480): CodeIgniter\CodeIgniter->runController(Object(App\Controllers\Home))
11 SYSTEMPATH\CodeIgniter.php(349): CodeIgniter\CodeIgniter->handleRequest(null, Object(Config\Cache), false)
12 FCPATH\index.php(67): CodeIgniter\CodeIgniter->run()
13 SYSTEMPATH\Commands\Server\rewrite.php(47): require_once('FCPATH\\index.php')
ERROR - 2023-01-08 12:14:08 --> mysqli_sql_exception: FUNCTION comercio.dateformat does not exist in C:\xampp\htdocs\comercio\vendor\codeigniter4\framework\system\Database\MySQLi\Connection.php:292
Stack trace:
#0 C:\xampp\htdocs\comercio\vendor\codeigniter4\framework\system\Database\MySQLi\Connection.php(292): mysqli->query('SELECT dateform...', 0)
#1 C:\xampp\htdocs\comercio\vendor\codeigniter4\framework\system\Database\BaseConnection.php(666): CodeIgniter\Database\MySQLi\Connection->execute('SELECT dateform...')
#2 C:\xampp\htdocs\comercio\vendor\codeigniter4\framework\system\Database\BaseConnection.php(593): CodeIgniter\Database\BaseConnection->simpleQuery('SELECT dateform...')
#3 C:\xampp\htdocs\comercio\vendor\codeigniter4\framework\system\Database\BaseBuilder.php(1585): CodeIgniter\Database\BaseConnection->query('SELECT dateform...', Array, false)
#4 C:\xampp\htdocs\comercio\vendor\codeigniter4\framework\system\Model.php(240): CodeIgniter\Database\BaseBuilder->get()
#5 C:\xampp\htdocs\comercio\vendor\codeigniter4\framework\system\BaseModel.php(586): CodeIgniter\Model->doFindAll(0, 0)
#6 C:\xampp\htdocs\comercio\app\Controllers\Home.php(35): CodeIgniter\BaseModel->findAll()
#7 C:\xampp\htdocs\comercio\app\Controllers\Home.php(24): App\Controllers\Home->vendasPorDia()
#8 C:\xampp\htdocs\comercio\vendor\codeigniter4\framework\system\CodeIgniter.php(925): App\Controllers\Home->index()
#9 C:\xampp\htdocs\comercio\vendor\codeigniter4\framework\system\CodeIgniter.php(480): CodeIgniter\CodeIgniter->runController(Object(App\Controllers\Home))
#10 C:\xampp\htdocs\comercio\vendor\codeigniter4\framework\system\CodeIgniter.php(349): CodeIgniter\CodeIgniter->handleRequest(NULL, Object(Config\Cache), false)
#11 C:\xampp\htdocs\comercio\public\index.php(67): CodeIgniter\CodeIgniter->run()
#12 C:\xampp\htdocs\comercio\vendor\codeigniter4\framework\system\Commands\Server\rewrite.php(47): require_once('C:\\xampp\\htdocs...')
#13 {main}
CRITICAL - 2023-01-08 12:14:08 --> FUNCTION comercio.dateformat does not exist
in SYSTEMPATH\Database\MySQLi\Connection.php on line 292.
 1 SYSTEMPATH\Database\MySQLi\Connection.php(292): mysqli->query('SELECT dateformat(datacompra, "%m/%d/%Y") as datacompra, `id`, SUM(`qtde`) AS `total`
FROM `venda`
WHERE `venda`.`deleted_at` IS NULL
GROUP BY `datacompra`
ORDER BY `datacompra` ASC', 0)
 2 SYSTEMPATH\Database\BaseConnection.php(666): CodeIgniter\Database\MySQLi\Connection->execute('SELECT dateformat(datacompra, "%m/%d/%Y") as datacompra, `id`, SUM(`qtde`) AS `total`
FROM `venda`
WHERE `venda`.`deleted_at` IS NULL
GROUP BY `datacompra`
ORDER BY `datacompra` ASC')
 3 SYSTEMPATH\Database\BaseConnection.php(593): CodeIgniter\Database\BaseConnection->simpleQuery('SELECT dateformat(datacompra, "%m/%d/%Y") as datacompra, `id`, SUM(`qtde`) AS `total`
FROM `venda`
WHERE `venda`.`deleted_at` IS NULL
GROUP BY `datacompra`
ORDER BY `datacompra` ASC')
 4 SYSTEMPATH\Database\BaseBuilder.php(1585): CodeIgniter\Database\BaseConnection->query('SELECT dateformat(datacompra, "%m/%d/%Y") as datacompra, `id`, SUM(`qtde`) AS `total`
FROM `venda`
WHERE `venda`.`deleted_at` IS NULL
GROUP BY `datacompra`
ORDER BY `datacompra` ASC', [], false)
 5 SYSTEMPATH\Model.php(240): CodeIgniter\Database\BaseBuilder->get()
 6 SYSTEMPATH\BaseModel.php(586): CodeIgniter\Model->doFindAll(0, 0)
 7 APPPATH\Controllers\Home.php(35): CodeIgniter\BaseModel->findAll()
 8 APPPATH\Controllers\Home.php(24): App\Controllers\Home->vendasPorDia()
 9 SYSTEMPATH\CodeIgniter.php(925): App\Controllers\Home->index()
10 SYSTEMPATH\CodeIgniter.php(480): CodeIgniter\CodeIgniter->runController(Object(App\Controllers\Home))
11 SYSTEMPATH\CodeIgniter.php(349): CodeIgniter\CodeIgniter->handleRequest(null, Object(Config\Cache), false)
12 FCPATH\index.php(67): CodeIgniter\CodeIgniter->run()
13 SYSTEMPATH\Commands\Server\rewrite.php(47): require_once('FCPATH\\index.php')
ERROR - 2023-01-08 12:14:41 --> mysqli_sql_exception: FUNCTION comercio.dateformat does not exist in C:\xampp\htdocs\comercio\vendor\codeigniter4\framework\system\Database\MySQLi\Connection.php:292
Stack trace:
#0 C:\xampp\htdocs\comercio\vendor\codeigniter4\framework\system\Database\MySQLi\Connection.php(292): mysqli->query('SELECT (datefor...', 0)
#1 C:\xampp\htdocs\comercio\vendor\codeigniter4\framework\system\Database\BaseConnection.php(666): CodeIgniter\Database\MySQLi\Connection->execute('SELECT (datefor...')
#2 C:\xampp\htdocs\comercio\vendor\codeigniter4\framework\system\Database\BaseConnection.php(593): CodeIgniter\Database\BaseConnection->simpleQuery('SELECT (datefor...')
#3 C:\xampp\htdocs\comercio\vendor\codeigniter4\framework\system\Database\BaseBuilder.php(1585): CodeIgniter\Database\BaseConnection->query('SELECT (datefor...', Array, false)
#4 C:\xampp\htdocs\comercio\vendor\codeigniter4\framework\system\Model.php(240): CodeIgniter\Database\BaseBuilder->get()
#5 C:\xampp\htdocs\comercio\vendor\codeigniter4\framework\system\BaseModel.php(586): CodeIgniter\Model->doFindAll(0, 0)
#6 C:\xampp\htdocs\comercio\app\Controllers\Home.php(35): CodeIgniter\BaseModel->findAll()
#7 C:\xampp\htdocs\comercio\app\Controllers\Home.php(24): App\Controllers\Home->vendasPorDia()
#8 C:\xampp\htdocs\comercio\vendor\codeigniter4\framework\system\CodeIgniter.php(925): App\Controllers\Home->index()
#9 C:\xampp\htdocs\comercio\vendor\codeigniter4\framework\system\CodeIgniter.php(480): CodeIgniter\CodeIgniter->runController(Object(App\Controllers\Home))
#10 C:\xampp\htdocs\comercio\vendor\codeigniter4\framework\system\CodeIgniter.php(349): CodeIgniter\CodeIgniter->handleRequest(NULL, Object(Config\Cache), false)
#11 C:\xampp\htdocs\comercio\public\index.php(67): CodeIgniter\CodeIgniter->run()
#12 C:\xampp\htdocs\comercio\vendor\codeigniter4\framework\system\Commands\Server\rewrite.php(47): require_once('C:\\xampp\\htdocs...')
#13 {main}
CRITICAL - 2023-01-08 12:14:41 --> FUNCTION comercio.dateformat does not exist
in SYSTEMPATH\Database\MySQLi\Connection.php on line 292.
 1 SYSTEMPATH\Database\MySQLi\Connection.php(292): mysqli->query('SELECT (dateformat(datacompra, "%m/%d/%Y")) as datacompra, `id`, SUM(`qtde`) AS `total`
FROM `venda`
WHERE `venda`.`deleted_at` IS NULL
GROUP BY `datacompra`
ORDER BY `datacompra` ASC', 0)
 2 SYSTEMPATH\Database\BaseConnection.php(666): CodeIgniter\Database\MySQLi\Connection->execute('SELECT (dateformat(datacompra, "%m/%d/%Y")) as datacompra, `id`, SUM(`qtde`) AS `total`
FROM `venda`
WHERE `venda`.`deleted_at` IS NULL
GROUP BY `datacompra`
ORDER BY `datacompra` ASC')
 3 SYSTEMPATH\Database\BaseConnection.php(593): CodeIgniter\Database\BaseConnection->simpleQuery('SELECT (dateformat(datacompra, "%m/%d/%Y")) as datacompra, `id`, SUM(`qtde`) AS `total`
FROM `venda`
WHERE `venda`.`deleted_at` IS NULL
GROUP BY `datacompra`
ORDER BY `datacompra` ASC')
 4 SYSTEMPATH\Database\BaseBuilder.php(1585): CodeIgniter\Database\BaseConnection->query('SELECT (dateformat(datacompra, "%m/%d/%Y")) as datacompra, `id`, SUM(`qtde`) AS `total`
FROM `venda`
WHERE `venda`.`deleted_at` IS NULL
GROUP BY `datacompra`
ORDER BY `datacompra` ASC', [], false)
 5 SYSTEMPATH\Model.php(240): CodeIgniter\Database\BaseBuilder->get()
 6 SYSTEMPATH\BaseModel.php(586): CodeIgniter\Model->doFindAll(0, 0)
 7 APPPATH\Controllers\Home.php(35): CodeIgniter\BaseModel->findAll()
 8 APPPATH\Controllers\Home.php(24): App\Controllers\Home->vendasPorDia()
 9 SYSTEMPATH\CodeIgniter.php(925): App\Controllers\Home->index()
10 SYSTEMPATH\CodeIgniter.php(480): CodeIgniter\CodeIgniter->runController(Object(App\Controllers\Home))
11 SYSTEMPATH\CodeIgniter.php(349): CodeIgniter\CodeIgniter->handleRequest(null, Object(Config\Cache), false)
12 FCPATH\index.php(67): CodeIgniter\CodeIgniter->run()
13 SYSTEMPATH\Commands\Server\rewrite.php(47): require_once('FCPATH\\index.php')
ERROR - 2023-01-08 12:14:44 --> mysqli_sql_exception: FUNCTION comercio.dateformat does not exist in C:\xampp\htdocs\comercio\vendor\codeigniter4\framework\system\Database\MySQLi\Connection.php:292
Stack trace:
#0 C:\xampp\htdocs\comercio\vendor\codeigniter4\framework\system\Database\MySQLi\Connection.php(292): mysqli->query('SELECT (datefor...', 0)
#1 C:\xampp\htdocs\comercio\vendor\codeigniter4\framework\system\Database\BaseConnection.php(666): CodeIgniter\Database\MySQLi\Connection->execute('SELECT (datefor...')
#2 C:\xampp\htdocs\comercio\vendor\codeigniter4\framework\system\Database\BaseConnection.php(593): CodeIgniter\Database\BaseConnection->simpleQuery('SELECT (datefor...')
#3 C:\xampp\htdocs\comercio\vendor\codeigniter4\framework\system\Database\BaseBuilder.php(1585): CodeIgniter\Database\BaseConnection->query('SELECT (datefor...', Array, false)
#4 C:\xampp\htdocs\comercio\vendor\codeigniter4\framework\system\Model.php(240): CodeIgniter\Database\BaseBuilder->get()
#5 C:\xampp\htdocs\comercio\vendor\codeigniter4\framework\system\BaseModel.php(586): CodeIgniter\Model->doFindAll(0, 0)
#6 C:\xampp\htdocs\comercio\app\Controllers\Home.php(35): CodeIgniter\BaseModel->findAll()
#7 C:\xampp\htdocs\comercio\app\Controllers\Home.php(24): App\Controllers\Home->vendasPorDia()
#8 C:\xampp\htdocs\comercio\vendor\codeigniter4\framework\system\CodeIgniter.php(925): App\Controllers\Home->index()
#9 C:\xampp\htdocs\comercio\vendor\codeigniter4\framework\system\CodeIgniter.php(480): CodeIgniter\CodeIgniter->runController(Object(App\Controllers\Home))
#10 C:\xampp\htdocs\comercio\vendor\codeigniter4\framework\system\CodeIgniter.php(349): CodeIgniter\CodeIgniter->handleRequest(NULL, Object(Config\Cache), false)
#11 C:\xampp\htdocs\comercio\public\index.php(67): CodeIgniter\CodeIgniter->run()
#12 C:\xampp\htdocs\comercio\vendor\codeigniter4\framework\system\Commands\Server\rewrite.php(47): require_once('C:\\xampp\\htdocs...')
#13 {main}
CRITICAL - 2023-01-08 12:14:44 --> FUNCTION comercio.dateformat does not exist
in SYSTEMPATH\Database\MySQLi\Connection.php on line 292.
 1 SYSTEMPATH\Database\MySQLi\Connection.php(292): mysqli->query('SELECT (dateformat(datacompra, "%m/%d/%Y")) as datacompra, `id`, SUM(`qtde`) AS `total`
FROM `venda`
WHERE `venda`.`deleted_at` IS NULL
GROUP BY `datacompra`
ORDER BY `datacompra` ASC', 0)
 2 SYSTEMPATH\Database\BaseConnection.php(666): CodeIgniter\Database\MySQLi\Connection->execute('SELECT (dateformat(datacompra, "%m/%d/%Y")) as datacompra, `id`, SUM(`qtde`) AS `total`
FROM `venda`
WHERE `venda`.`deleted_at` IS NULL
GROUP BY `datacompra`
ORDER BY `datacompra` ASC')
 3 SYSTEMPATH\Database\BaseConnection.php(593): CodeIgniter\Database\BaseConnection->simpleQuery('SELECT (dateformat(datacompra, "%m/%d/%Y")) as datacompra, `id`, SUM(`qtde`) AS `total`
FROM `venda`
WHERE `venda`.`deleted_at` IS NULL
GROUP BY `datacompra`
ORDER BY `datacompra` ASC')
 4 SYSTEMPATH\Database\BaseBuilder.php(1585): CodeIgniter\Database\BaseConnection->query('SELECT (dateformat(datacompra, "%m/%d/%Y")) as datacompra, `id`, SUM(`qtde`) AS `total`
FROM `venda`
WHERE `venda`.`deleted_at` IS NULL
GROUP BY `datacompra`
ORDER BY `datacompra` ASC', [], false)
 5 SYSTEMPATH\Model.php(240): CodeIgniter\Database\BaseBuilder->get()
 6 SYSTEMPATH\BaseModel.php(586): CodeIgniter\Model->doFindAll(0, 0)
 7 APPPATH\Controllers\Home.php(35): CodeIgniter\BaseModel->findAll()
 8 APPPATH\Controllers\Home.php(24): App\Controllers\Home->vendasPorDia()
 9 SYSTEMPATH\CodeIgniter.php(925): App\Controllers\Home->index()
10 SYSTEMPATH\CodeIgniter.php(480): CodeIgniter\CodeIgniter->runController(Object(App\Controllers\Home))
11 SYSTEMPATH\CodeIgniter.php(349): CodeIgniter\CodeIgniter->handleRequest(null, Object(Config\Cache), false)
12 FCPATH\index.php(67): CodeIgniter\CodeIgniter->run()
13 SYSTEMPATH\Commands\Server\rewrite.php(47): require_once('FCPATH\\index.php')
CRITICAL - 2023-01-08 12:28:26 --> Undefined property: stdClass::$datacompra
in APPPATH\Views\welcome_message.php on line 119.
 1 APPPATH\Views\welcome_message.php(119): CodeIgniter\Debug\Exceptions->errorHandler(2, 'Undefined property: stdClass::$datacompra', 'APPPATH\\Views\\welcome_message.php', 119)
 2 SYSTEMPATH\View\View.php(213): include('APPPATH\\Views\\welcome_message.php')
 3 SYSTEMPATH\View\View.php(216): CodeIgniter\View\View->CodeIgniter\View\{closure}()
 4 SYSTEMPATH\Common.php(1135): CodeIgniter\View\View->render('welcome_message', [], true)
 5 APPPATH\Controllers\Home.php(27): view('welcome_message', [...])
 6 SYSTEMPATH\CodeIgniter.php(925): App\Controllers\Home->index()
 7 SYSTEMPATH\CodeIgniter.php(480): CodeIgniter\CodeIgniter->runController(Object(App\Controllers\Home))
 8 SYSTEMPATH\CodeIgniter.php(349): CodeIgniter\CodeIgniter->handleRequest(null, Object(Config\Cache), false)
 9 FCPATH\index.php(67): CodeIgniter\CodeIgniter->run()
10 SYSTEMPATH\Commands\Server\rewrite.php(47): require_once('FCPATH\\index.php')
